<?xml version="1.0" encoding="UTF-8"?>
<!-- Generated by org.testng.reporters.JUnitReportReporter -->
<testsuite hostname="Gautham" failures="0" tests="1" name="Default.GetUrl" time="3.357" errors="0" timestamp="2022-07-31T21:10:13 IST" skipped="0">
  <testcase classname="Default.GetUrl" name="url" time="3.357"/>
  <system-out/>
</testsuite> <!-- Default.GetUrl -->
