<?xml version="1.0" encoding="UTF-8"?>
<!-- Generated by org.testng.reporters.JUnitReportReporter -->
<testsuite hostname="Gautham" failures="0" tests="2" name="Default.ActualTests" time="0.405" errors="0" timestamp="2022-07-31T21:10:13 IST" skipped="0">
  <testcase classname="Default.ActualTests" name="windowMax" time="0.317"/>
  <system-out/>
  <testcase classname="Default.ActualTests" name="radioButton" time="0.088"/>
  <system-out/>
</testsuite> <!-- Default.ActualTests -->
